<?xml version="1.0" encoding="UTF-8"?>
<testsuite name="com.bestbuy.bestbuyinfo.ProductDataDrivenTest" time="3.401" tests="28" errors="0" skipped="0" failures="1">
  <properties>
    <property name="idea.version" value="2022.2.2"/>
    <property name="java.runtime.name" value="Java(TM) SE Runtime Environment"/>
    <property name="sun.boot.library.path" value="C:\Program Files\Java\jdk1.8.0_121\jre\bin"/>
    <property name="java.vm.version" value="25.121-b13"/>
    <property name="java.vm.vendor" value="Oracle Corporation"/>
    <property name="maven.multiModuleProjectDirectory" value="C:\Users\viren\IdeaProjects\bestbuy-com-serenity-cucumber-wk-19-virenpatel"/>
    <property name="java.vendor.url" value="http://java.oracle.com/"/>
    <property name="path.separator" value=";"/>
    <property name="guice.disable.misplaced.annotation.check" value="true"/>
    <property name="java.vm.name" value="Java HotSpot(TM) 64-Bit Server VM"/>
    <property name="file.encoding.pkg" value="sun.io"/>
    <property name="user.script" value=""/>
    <property name="user.country" value="GB"/>
    <property name="sun.java.launcher" value="SUN_STANDARD"/>
    <property name="sun.os.patch.level" value=""/>
    <property name="java.vm.specification.name" value="Java Virtual Machine Specification"/>
    <property name="user.dir" value="C:\Users\viren\IdeaProjects\bestbuy-com-serenity-cucumber-wk-19-virenpatel"/>
    <property name="java.runtime.version" value="1.8.0_121-b13"/>
    <property name="java.awt.graphicsenv" value="sun.awt.Win32GraphicsEnvironment"/>
    <property name="java.endorsed.dirs" value="C:\Program Files\Java\jdk1.8.0_121\jre\lib\endorsed"/>
    <property name="os.arch" value="amd64"/>
    <property name="java.io.tmpdir" value="C:\Users\viren\AppData\Local\Temp\"/>
    <property name="line.separator" value="&#10;"/>
    <property name="java.vm.specification.vendor" value="Oracle Corporation"/>
    <property name="user.variant" value=""/>
    <property name="os.name" value="Windows 10"/>
    <property name="maven.ext.class.path" value="C:\Program Files\JetBrains\IntelliJ IDEA Community Edition 2022.2.2\plugins\maven\lib\maven-event-listener.jar"/>
    <property name="classworlds.conf" value="C:\Program Files\JetBrains\IntelliJ IDEA Community Edition 2022.2.2\plugins\maven\lib\maven3\bin\m2.conf"/>
    <property name="sun.jnu.encoding" value="Cp1252"/>
    <property name="java.library.path" value="C:\Program Files\Java\jdk1.8.0_121\bin;C:\WINDOWS\Sun\Java\bin;C:\WINDOWS\system32;C:\WINDOWS;C:\Program Files (x86)\Common Files\Oracle\Java\javapath;C:\ProgramData\Oracle\Java\javapath;C:\WINDOWS\system32;C:\WINDOWS;C:\WINDOWS\System32\Wbem;C:\WINDOWS\System32\WindowsPowerShell\v1.0\;C:\WINDOWS\System32\OpenSSH\;C:\Program Files\Java\jdk1.8.0_121\bin;C:\Program Files\Git\cmd;C:\Program Files\Apache\apache-maven-3.8.6\bin;C:\Program Files\nodejs\;C:\Users\viren\AppData\Local\Microsoft\WindowsApps;C:\Users\viren\AppData\Roaming\npm;."/>
    <property name="maven.conf" value="C:\Program Files\JetBrains\IntelliJ IDEA Community Edition 2022.2.2\plugins\maven\lib\maven3/conf"/>
    <property name="java.specification.name" value="Java Platform API Specification"/>
    <property name="java.class.version" value="52.0"/>
    <property name="sun.management.compiler" value="HotSpot 64-Bit Tiered Compilers"/>
    <property name="os.version" value="10.0"/>
    <property name="user.home" value="C:\Users\viren"/>
    <property name="user.timezone" value="Europe/London"/>
    <property name="java.awt.printerjob" value="sun.awt.windows.WPrinterJob"/>
    <property name="java.specification.version" value="1.8"/>
    <property name="file.encoding" value="UTF-8"/>
    <property name="user.name" value="viren"/>
    <property name="java.class.path" value="C:\Program Files\JetBrains\IntelliJ IDEA Community Edition 2022.2.2\plugins\maven\lib\maven3\boot\plexus-classworlds-2.6.0.jar;C:\Program Files\JetBrains\IntelliJ IDEA Community Edition 2022.2.2\plugins\maven\lib\maven3\boot\plexus-classworlds.license;C:\Program Files\JetBrains\IntelliJ IDEA Community Edition 2022.2.2\lib\idea_rt.jar"/>
    <property name="java.vm.specification.version" value="1.8"/>
    <property name="sun.arch.data.model" value="64"/>
    <property name="java.home" value="C:\Program Files\Java\jdk1.8.0_121\jre"/>
    <property name="sun.java.command" value="org.codehaus.classworlds.Launcher -Didea.version=2022.2.2 clean verify serenity:aggregate"/>
    <property name="java.specification.vendor" value="Oracle Corporation"/>
    <property name="user.language" value="en"/>
    <property name="awt.toolkit" value="sun.awt.windows.WToolkit"/>
    <property name="java.vm.info" value="mixed mode"/>
    <property name="java.version" value="1.8.0_121"/>
    <property name="java.ext.dirs" value="C:\Program Files\Java\jdk1.8.0_121\jre\lib\ext;C:\WINDOWS\Sun\Java\lib\ext"/>
    <property name="sun.boot.class.path" value="C:\Program Files\Java\jdk1.8.0_121\jre\lib\resources.jar;C:\Program Files\Java\jdk1.8.0_121\jre\lib\rt.jar;C:\Program Files\Java\jdk1.8.0_121\jre\lib\sunrsasign.jar;C:\Program Files\Java\jdk1.8.0_121\jre\lib\jsse.jar;C:\Program Files\Java\jdk1.8.0_121\jre\lib\jce.jar;C:\Program Files\Java\jdk1.8.0_121\jre\lib\charsets.jar;C:\Program Files\Java\jdk1.8.0_121\jre\lib\jfr.jar;C:\Program Files\Java\jdk1.8.0_121\jre\classes"/>
    <property name="java.vendor" value="Oracle Corporation"/>
    <property name="maven.home" value="C:\Program Files\JetBrains\IntelliJ IDEA Community Edition 2022.2.2\plugins\maven\lib\maven3"/>
    <property name="file.separator" value="\"/>
    <property name="java.vendor.url.bug" value="http://bugreport.sun.com/bugreport/"/>
    <property name="sun.cpu.endian" value="little"/>
    <property name="sun.io.unicode.encoding" value="UnicodeLittle"/>
    <property name="sun.desktop" value="windows"/>
    <property name="sun.cpu.isalist" value="amd64"/>
  </properties>
  <testcase name="createMultipleProduct[9]" classname="com.bestbuy.bestbuyinfo.ProductDataDrivenTest" time="0.282"/>
  <testcase name="createMultipleProduct[12]" classname="com.bestbuy.bestbuyinfo.ProductDataDrivenTest" time="0.092"/>
  <testcase name="createMultipleProduct[6]" classname="com.bestbuy.bestbuyinfo.ProductDataDrivenTest" time="0.005"/>
  <testcase name="createMultipleProduct[2]" classname="com.bestbuy.bestbuyinfo.ProductDataDrivenTest" time="0.015"/>
  <testcase name="createMultipleProduct[3]" classname="com.bestbuy.bestbuyinfo.ProductDataDrivenTest" time="0.045"/>
  <testcase name="createMultipleProduct[10]" classname="com.bestbuy.bestbuyinfo.ProductDataDrivenTest" time="0.02"/>
  <testcase name="createMultipleProduct[0]" classname="com.bestbuy.bestbuyinfo.ProductDataDrivenTest" time="0.035"/>
  <testcase name="createMultipleProduct[14]" classname="com.bestbuy.bestbuyinfo.ProductDataDrivenTest" time="0.013"/>
  <testcase name="createMultipleProduct[21]" classname="com.bestbuy.bestbuyinfo.ProductDataDrivenTest" time="0.007">
    <failure message="1 expectation failed.&#10;Expected status code &lt;201&gt; but was &lt;400&gt;.&#10;" type="java.lang.AssertionError"><![CDATA[java.lang.AssertionError: 1 expectation failed.
Expected status code <201> but was <400>.

	at sun.reflect.NativeConstructorAccessorImpl.newInstance0(Native Method)
	at sun.reflect.NativeConstructorAccessorImpl.newInstance(NativeConstructorAccessorImpl.java:62)
	at sun.reflect.DelegatingConstructorAccessorImpl.newInstance(DelegatingConstructorAccessorImpl.java:45)
	at java.lang.reflect.Constructor.newInstance(Constructor.java:423)
	at org.codehaus.groovy.reflection.CachedConstructor.invoke(CachedConstructor.java:83)
	at org.codehaus.groovy.reflection.CachedConstructor.doConstructorInvoke(CachedConstructor.java:77)
	at org.codehaus.groovy.runtime.callsite.ConstructorSite$ConstructorSiteNoUnwrap.callConstructor(ConstructorSite.java:84)
	at org.codehaus.groovy.runtime.callsite.CallSiteArray.defaultCallConstructor(CallSiteArray.java:60)
	at org.codehaus.groovy.runtime.callsite.AbstractCallSite.callConstructor(AbstractCallSite.java:235)
	at org.codehaus.groovy.runtime.callsite.AbstractCallSite.callConstructor(AbstractCallSite.java:247)
	at io.restassured.internal.ResponseSpecificationImpl$HamcrestAssertionClosure.validate(ResponseSpecificationImpl.groovy:471)
	at io.restassured.internal.ResponseSpecificationImpl$HamcrestAssertionClosure$validate$1.call(Unknown Source)
	at io.restassured.internal.ResponseSpecificationImpl.validateResponseIfRequired(ResponseSpecificationImpl.groovy:636)
	at sun.reflect.NativeMethodAccessorImpl.invoke0(Native Method)
	at sun.reflect.NativeMethodAccessorImpl.invoke(NativeMethodAccessorImpl.java:62)
	at sun.reflect.DelegatingMethodAccessorImpl.invoke(DelegatingMethodAccessorImpl.java:43)
	at java.lang.reflect.Method.invoke(Method.java:498)
	at org.codehaus.groovy.runtime.callsite.PogoMetaMethodSite$PogoCachedMethodSiteNoUnwrapNoCoerce.invoke(PogoMetaMethodSite.java:210)
	at org.codehaus.groovy.runtime.callsite.PogoMetaMethodSite.callCurrent(PogoMetaMethodSite.java:59)
	at org.codehaus.groovy.runtime.callsite.AbstractCallSite.callCurrent(AbstractCallSite.java:166)
	at io.restassured.internal.ResponseSpecificationImpl.statusCode(ResponseSpecificationImpl.groovy:122)
	at io.restassured.specification.ResponseSpecification$statusCode$0.callCurrent(Unknown Source)
	at io.restassured.internal.ResponseSpecificationImpl.statusCode(ResponseSpecificationImpl.groovy:130)
	at io.restassured.internal.ValidatableResponseOptionsImpl.statusCode(ValidatableResponseOptionsImpl.java:117)
	at com.bestbuy.bestbuyinfo.ProductDataDrivenTest.createMultipleProduct(ProductDataDrivenTest.java:34)
]]></failure>
    <system-out><![CDATA[Request method:	POST
Request URI:	http://localhost:3030/products
Proxy:			<none>
Request params:	<none>
Query params:	<none>
Form params:	<none>
Path params:	<none>
Multiparts:		<none>
Headers:		Accept=*/*
				Content-Type=application/json; charset=UTF-8
Cookies:		<none>
Body:
{
    "name": "Diann",
    "type": "battery",
    "price": 9516,
    "shipping": 0,
    "upc": "Vagram",
    "description": "Regrant",
    "manufacturer": "iShares 20+ Year Treasury Bond ETF",
    "model": "Skipfire",
    "url": "http://dummyimage.com/162x100.png/cc0000/ffffff",
    "image": "Allina"
}
Request method:	POST
Request URI:	http://localhost:3030/products
Proxy:			<none>
Request params:	<none>
Query params:	<none>
Form params:	<none>
Path params:	<none>
Multiparts:		<none>
Headers:		Accept=*/*
				Content-Type=application/json; charset=UTF-8
Cookies:		<none>
Body:
{
    "name": "Papagena",
    "type": "battery",
    "price": 88,
    "shipping": 0,
    "upc": "Flowdesk",
    "description": "Temp",
    "manufacturer": "Capricor Therapeutics, Inc.",
    "model": "Vinte",
    "url": "http://dummyimage.com/229x100.png/5fa2dd/ffffff",
    "image": "Dasi"
}
]]></system-out>
    <system-err><![CDATA[10409 [ProductDataDrivenTest-2-thread-15] INFO net.serenitybdd.core.Serenity - 
        __    _____ _____ ____ _____   ____   _    ____  ____  _____ ____  
  _     \ \  |_   _| ____/ ___|_   _| |  _ \ / \  / ___|/ ___|| ____|  _ \ 
 (_)_____| |   | | |  _| \___ \ | |   | |_) / _ \ \___ \\___ \|  _| | | | |
  _|_____| |   | | | |___ ___) || |   |  __/ ___ \ ___) |___) | |___| |_| |
 (_)     | |   |_| |_____|____/ |_|   |_| /_/   \_\____/|____/|_____|____/ 
        /_/                                                                

TEST PASSED: Creating multiple products with Data driven
----------------------------------------------------------------------------
10413 [ProductDataDrivenTest-2-thread-15] INFO net.serenitybdd.core.Serenity - Test Suite Started: Product data driven test
10413 [ProductDataDrivenTest-2-thread-15] INFO net.serenitybdd.core.Serenity - 
 _____ _____ ____ _____   ____ _____  _    ____ _____ _____ ____  
|_   _| ____/ ___|_   _| / ___|_   _|/ \  |  _ \_   _| ____|  _ \ 
  | | |  _| \___ \ | |   \___ \ | | / _ \ | |_) || | |  _| | | | |
  | | | |___ ___) || |    ___) || |/ ___ \|  _ < | | | |___| |_| |
  |_| |_____|____/ |_|   |____/ |_/_/   \_\_| \_\|_| |_____|____/ 
                                                                  

TEST STARTED: createMultipleProduct[23]
-------------------------------------------------------------------
10415 [ProductDataDrivenTest-2-thread-15] INFO net.serenitybdd.core.Serenity - TEST NUMBER: 28
]]></system-err>
  </testcase>
  <testcase name="createMultipleProduct[1]" classname="com.bestbuy.bestbuyinfo.ProductDataDrivenTest" time="0.015"/>
  <testcase name="createMultipleProduct[13]" classname="com.bestbuy.bestbuyinfo.ProductDataDrivenTest" time="0.008"/>
  <testcase name="createMultipleProduct[5]" classname="com.bestbuy.bestbuyinfo.ProductDataDrivenTest" time="0.034"/>
  <testcase name="createMultipleProduct[15]" classname="com.bestbuy.bestbuyinfo.ProductDataDrivenTest" time="0.074"/>
  <testcase name="createMultipleProduct[8]" classname="com.bestbuy.bestbuyinfo.ProductDataDrivenTest" time="0.088"/>
  <testcase name="createMultipleProduct[11]" classname="com.bestbuy.bestbuyinfo.ProductDataDrivenTest" time="0.104"/>
  <testcase name="createMultipleProduct[7]" classname="com.bestbuy.bestbuyinfo.ProductDataDrivenTest" time="0.115"/>
  <testcase name="createMultipleProduct[4]" classname="com.bestbuy.bestbuyinfo.ProductDataDrivenTest" time="0.131"/>
  <testcase name="createMultipleProduct[16]" classname="com.bestbuy.bestbuyinfo.ProductDataDrivenTest" time="0.144"/>
  <testcase name="createMultipleProduct[17]" classname="com.bestbuy.bestbuyinfo.ProductDataDrivenTest" time="0.155"/>
  <testcase name="createMultipleProduct[18]" classname="com.bestbuy.bestbuyinfo.ProductDataDrivenTest" time="0.163"/>
  <testcase name="createMultipleProduct[19]" classname="com.bestbuy.bestbuyinfo.ProductDataDrivenTest" time="0.177"/>
  <testcase name="createMultipleProduct[20]" classname="com.bestbuy.bestbuyinfo.ProductDataDrivenTest" time="0.192"/>
  <testcase name="createMultipleProduct[22]" classname="com.bestbuy.bestbuyinfo.ProductDataDrivenTest" time="0.215"/>
  <testcase name="createMultipleProduct[23]" classname="com.bestbuy.bestbuyinfo.ProductDataDrivenTest" time="0.224"/>
  <testcase name="createMultipleProduct[24]" classname="com.bestbuy.bestbuyinfo.ProductDataDrivenTest" time="0.242"/>
  <testcase name="createMultipleProduct[26]" classname="com.bestbuy.bestbuyinfo.ProductDataDrivenTest" time="0.252"/>
  <testcase name="createMultipleProduct[27]" classname="com.bestbuy.bestbuyinfo.ProductDataDrivenTest" time="0.27"/>
  <testcase name="createMultipleProduct[25]" classname="com.bestbuy.bestbuyinfo.ProductDataDrivenTest" time="0.284"/>
</testsuite>