<?xml version="1.0" encoding="UTF-8"?>
<testsuite name="com.bestbuy.bestbuyinfo.ProductDataDrivenTest" time="3.401" tests="28" errors="0" skipped="0" failures="1">
  <properties>
[...]
</properties>
  <testcase name="createMultipleProduct[9]" classname="com.bestbuy.bestbuyinfo.ProductDataDrivenTest" time="0.282"/>
  <testcase name="createMultipleProduct[12]" classname="com.bestbuy.bestbuyinfo.ProductDataDrivenTest" time="0.092"/>
  <testcase name="createMultipleProduct[6]" classname="com.bestbuy.bestbuyinfo.ProductDataDrivenTest" time="0.005"/>
  <testcase name="createMultipleProduct[2]" classname="com.bestbuy.bestbuyinfo.ProductDataDrivenTest" time="0.015"/>
  <testcase name="createMultipleProduct[3]" classname="com.bestbuy.bestbuyinfo.ProductDataDrivenTest" time="0.045"/>
  <testcase name="createMultipleProduct[10]" classname="com.bestbuy.bestbuyinfo.ProductDataDrivenTest" time="0.02"/>
  <testcase name="createMultipleProduct[0]" classname="com.bestbuy.bestbuyinfo.ProductDataDrivenTest" time="0.035"/>
  <testcase name="createMultipleProduct[14]" classname="com.bestbuy.bestbuyinfo.ProductDataDrivenTest" time="0.013"/>
  <testcase name="createMultipleProduct[21]" classname="com.bestbuy.bestbuyinfo.ProductDataDrivenTest" time="0.007">
    <failure message="1 expectation failed.&#10;Expected status code &lt;201&gt; but was &lt;400&gt;.&#10;" type="java.lang.AssertionError"><![CDATA[java.lang.AssertionError: 1 expectation failed.
Expected status code <201> but was <400>.

	at sun.reflect.NativeConstructorAccessorImpl.newInstance0(Native Method)
	at sun.reflect.NativeConstructorAccessorImpl.newInstance(NativeConstructorAccessorImpl.java:62)
	at sun.reflect.DelegatingConstructorAccessorImpl.newInstance(DelegatingConstructorAccessorImpl.java:45)
	at java.lang.reflect.Constructor.newInstance(Constructor.java:423)
	at org.codehaus.groovy.reflection.CachedConstructor.invoke(CachedConstructor.java:83)
	at org.codehaus.groovy.reflection.CachedConstructor.doConstructorInvoke(CachedConstructor.java:77)
	at org.codehaus.groovy.runtime.callsite.ConstructorSite$ConstructorSiteNoUnwrap.callConstructor(ConstructorSite.java:84)
	at org.codehaus.groovy.runtime.callsite.CallSiteArray.defaultCallConstructor(CallSiteArray.java:60)
	at org.codehaus.groovy.runtime.callsite.AbstractCallSite.callConstructor(AbstractCallSite.java:235)
	at org.codehaus.groovy.runtime.callsite.AbstractCallSite.callConstructor(AbstractCallSite.java:247)
	at io.restassured.internal.ResponseSpecificationImpl$HamcrestAssertionClosure.validate(ResponseSpecificationImpl.groovy:471)
	at io.restassured.internal.ResponseSpecificationImpl$HamcrestAssertionClosure$validate$1.call(Unknown Source)
	at io.restassured.internal.ResponseSpecificationImpl.validateResponseIfRequired(ResponseSpecificationImpl.groovy:636)
	at sun.reflect.NativeMethodAccessorImpl.invoke0(Native Method)
	at sun.reflect.NativeMethodAccessorImpl.invoke(NativeMethodAccessorImpl.java:62)
	at sun.reflect.DelegatingMethodAccessorImpl.invoke(DelegatingMethodAccessorImpl.java:43)
	at java.lang.reflect.Method.invoke(Method.java:498)
	at org.codehaus.groovy.runtime.callsite.PogoMetaMethodSite$PogoCachedMethodSiteNoUnwrapNoCoerce.invoke(PogoMetaMethodSite.java:210)
	at org.codehaus.groovy.runtime.callsite.PogoMetaMethodSite.callCurrent(PogoMetaMethodSite.java:59)
	at org.codehaus.groovy.runtime.callsite.AbstractCallSite.callCurrent(AbstractCallSite.java:166)
	at io.restassured.internal.ResponseSpecificationImpl.statusCode(ResponseSpecificationImpl.groovy:122)
	at io.restassured.specification.ResponseSpecification$statusCode$0.callCurrent(Unknown Source)
	at io.restassured.internal.ResponseSpecificationImpl.statusCode(ResponseSpecificationImpl.groovy:130)
	at io.restassured.internal.ValidatableResponseOptionsImpl.statusCode(ValidatableResponseOptionsImpl.java:117)
	at com.bestbuy.bestbuyinfo.ProductDataDrivenTest.createMultipleProduct(ProductDataDrivenTest.java:34)
]]></failure>
    <system-out><![CDATA[Request method:	POST
Request URI:	http://localhost:3030/products
Proxy:			<none>
Request params:	<none>
Query params:	<none>
Form params:	<none>
Path params:	<none>
Multiparts:		<none>
Headers:		Accept=*/*
				Content-Type=application/json; charset=UTF-8
Cookies:		<none>
Body:
{
    "name": "Diann",
    "type": "battery",
    "price": 9516,
    "shipping": 0,
    "upc": "Vagram",
    "description": "Regrant",
    "manufacturer": "iShares 20+ Year Treasury Bond ETF",
    "model": "Skipfire",
    "url": "http://dummyimage.com/162x100.png/cc0000/ffffff",
    "image": "Allina"
}
Request method:	POST
Request URI:	http://localhost:3030/products
Proxy:			<none>
Request params:	<none>
Query params:	<none>
Form params:	<none>
Path params:	<none>
Multiparts:		<none>
Headers:		Accept=*/*
				Content-Type=application/json; charset=UTF-8
Cookies:		<none>
Body:
{
    "name": "Papagena",
    "type": "battery",
    "price": 88,
    "shipping": 0,
    "upc": "Flowdesk",
    "description": "Temp",
    "manufacturer": "Capricor Therapeutics, Inc.",
    "model": "Vinte",
    "url": "http://dummyimage.com/229x100.png/5fa2dd/ffffff",
    "image": "Dasi"
}
]]></system-out>
    <system-err><![CDATA[10409 [ProductDataDrivenTest-2-thread-15] INFO net.serenitybdd.core.Serenity - 
        __    _____ _____ ____ _____   ____   _    ____  ____  _____ ____  
  _     \ \  |_   _| ____/ ___|_   _| |  _ \ / \  / ___|/ ___|| ____|  _ \ 
 (_)_____| |   | | |  _| \___ \ | |   | |_) / _ \ \___ \\___ \|  _| | | | |
  _|_____| |   | | | |___ ___) || |   |  __/ ___ \ ___) |___) | |___| |_| |
 (_)     | |   |_| |_____|____/ |_|   |_| /_/   \_\____/|____/|_____|____/ 
        /_/                                                                

TEST PASSED: Creating multiple products with Data driven
----------------------------------------------------------------------------
10413 [ProductDataDrivenTest-2-thread-15] INFO net.serenitybdd.core.Serenity - Test Suite Started: Product data driven test
10413 [ProductDataDrivenTest-2-thread-15] INFO net.serenitybdd.core.Serenity - 
 _____ _____ ____ _____   ____ _____  _    ____ _____ _____ ____  
|_   _| ____/ ___|_   _| / ___|_   _|/ \  |  _ \_   _| ____|  _ \ 
  | | |  _| \___ \ | |   \___ \ | | / _ \ | |_) || | |  _| | | | |
  | | | |___ ___) || |    ___) || |/ ___ \|  _ < | | | |___| |_| |
  |_| |_____|____/ |_|   |____/ |_/_/   \_\_| \_\|_| |_____|____/ 
                                                                  

TEST STARTED: createMultipleProduct[23]
-------------------------------------------------------------------
10415 [ProductDataDrivenTest-2-thread-15] INFO net.serenitybdd.core.Serenity - TEST NUMBER: 28
]]></system-err>
  </testcase>
  <testcase name="createMultipleProduct[1]" classname="com.bestbuy.bestbuyinfo.ProductDataDrivenTest" time="0.015"/>
  <testcase name="createMultipleProduct[13]" classname="com.bestbuy.bestbuyinfo.ProductDataDrivenTest" time="0.008"/>
  <testcase name="createMultipleProduct[5]" classname="com.bestbuy.bestbuyinfo.ProductDataDrivenTest" time="0.034"/>
  <testcase name="createMultipleProduct[15]" classname="com.bestbuy.bestbuyinfo.ProductDataDrivenTest" time="0.074"/>
  <testcase name="createMultipleProduct[8]" classname="com.bestbuy.bestbuyinfo.ProductDataDrivenTest" time="0.088"/>
  <testcase name="createMultipleProduct[11]" classname="com.bestbuy.bestbuyinfo.ProductDataDrivenTest" time="0.104"/>
  <testcase name="createMultipleProduct[7]" classname="com.bestbuy.bestbuyinfo.ProductDataDrivenTest" time="0.115"/>
  <testcase name="createMultipleProduct[4]" classname="com.bestbuy.bestbuyinfo.ProductDataDrivenTest" time="0.131"/>
  <testcase name="createMultipleProduct[16]" classname="com.bestbuy.bestbuyinfo.ProductDataDrivenTest" time="0.144"/>
  <testcase name="createMultipleProduct[17]" classname="com.bestbuy.bestbuyinfo.ProductDataDrivenTest" time="0.155"/>
  <testcase name="createMultipleProduct[18]" classname="com.bestbuy.bestbuyinfo.ProductDataDrivenTest" time="0.163"/>
  <testcase name="createMultipleProduct[19]" classname="com.bestbuy.bestbuyinfo.ProductDataDrivenTest" time="0.177"/>
  <testcase name="createMultipleProduct[20]" classname="com.bestbuy.bestbuyinfo.ProductDataDrivenTest" time="0.192"/>
  <testcase name="createMultipleProduct[22]" classname="com.bestbuy.bestbuyinfo.ProductDataDrivenTest" time="0.215"/>
  <testcase name="createMultipleProduct[23]" classname="com.bestbuy.bestbuyinfo.ProductDataDrivenTest" time="0.224"/>
  <testcase name="createMultipleProduct[24]" classname="com.bestbuy.bestbuyinfo.ProductDataDrivenTest" time="0.242"/>
  <testcase name="createMultipleProduct[26]" classname="com.bestbuy.bestbuyinfo.ProductDataDrivenTest" time="0.252"/>
  <testcase name="createMultipleProduct[27]" classname="com.bestbuy.bestbuyinfo.ProductDataDrivenTest" time="0.27"/>
  <testcase name="createMultipleProduct[25]" classname="com.bestbuy.bestbuyinfo.ProductDataDrivenTest" time="0.284"/>
</testsuite>