<?xml version="1.0" encoding="UTF-8"?><testsuite errors="0" failures="0" name="com.bestbuy.bestbuyinfo.ProductCRUDTest" skipped="0" tests="4" time="5.62" timestamp="2023-01-10T20:56:59.019Z[Europe/London]"><testcase classname="com.bestbuy.bestbuyinfo.ProductCRUDTest" name="This will create new product"/><testcase classname="com.bestbuy.bestbuyinfo.ProductCRUDTest" name="Getting the product information with id:"/><testcase classname="com.bestbuy.bestbuyinfo.ProductCRUDTest" name="Updating product information and verify the updated information"/><testcase classname="com.bestbuy.bestbuyinfo.ProductCRUDTest" name="Deleting product with id and verify that user is deleted"/></testsuite>